<?xml version="1.0" encoding="UTF-8"?>
<!-- Generated by org.testng.reporters.JUnitReportReporter -->
<testsuite hostname="DESKTOP-EMRR8M2" failures="0" tests="2" name="testpylotpckg.DemoSignnUp" time="61.465" errors="0" timestamp="2022-11-17T11:42:24 IST" skipped="0">
  <testcase classname="testpylotpckg.DemoSignnUp" name="signup" time="30.673"/>
  <system-out/>
  <testcase classname="testpylotpckg.DemoSignnUp" name="signup" time="30.792"/>
  <system-out/>
</testsuite> <!-- testpylotpckg.DemoSignnUp -->
